[LOG] System::create                           : Header version = 1.10.04. Current version = 1.10.04.
[LOG] Manager::init                            : maxchannels = 256 studioflags = 00000006 flags 00000000 extradriverdata 0000000000000000.
[LOG] SystemI::init                            : Initialize version=11004 (93853), maxchannels=256, flags=0x00020000
[LOG] SystemI::setOutputInternal               : Setting output to 'FMOD WASAPI Output'
[LOG] OutputWASAPI::init                       : Mix Format (WAVEFORMATEX): wFormatTag=0xFFFE, nChannels=2, nSamplesPerSec=48000, nAvgBytesPerSec=384000, nBlockAlign=8, wBitsPerSample=32, cbSize=22.
[LOG] OutputWASAPI::init                       : Mix Format (WAVEFORMATEXTENSIBLE): wValidBitsPerSample=32, dwChannelMask=0x00000003, SubFormat=00000003-0000-0010-8000-00AA00389B71.
[LOG] OutputWASAPI::init                       : Output buffer size: 4096 samples, latency: 0.00ms, period: 10.00ms, DSP buffer: 1024 * 4
[LOG] Thread::initThread                       : Init FMOD stream thread. Priority: 2, Stack Size: 65536, Semaphore: No, Sleep Time: 10, Looping: Yes.
[LOG] Thread::initThread                       : Init FMOD mixer thread. Priority: 3, Stack Size: 49152, Semaphore: No, Sleep Time: 0, Looping: Yes.
[LOG] AsyncManager::init                       : manager 00000000028286B8 isAsync 0 updatePeriod 0.02
[LOG] AsyncManager::init                       : done
[LOG] PlaybackSystem::init                     : 
[LOG] Thread::initThread                       : Init FMOD Studio sample load thread. Priority: 0, Stack Size: 65536, Semaphore: No, Sleep Time: 1, Looping: No.
[LOG] PlaybackSystem::init                     : done
[LOG] Thread::initThread                       : Init FMOD Studio bank load thread. Priority: 0, Stack Size: 65536, Semaphore: No, Sleep Time: 1, Looping: No.
[LOG] Manager::init                            : done.
[LOG] Manager::readBank                        : fileversion = 100, compatVersion = 99 (oldest = 44, newest = 100)
[LOG] PlaybackSystem::acquireMasterBus         : Setting master channel group format to 6
[LOG] SystemI::createSoundInternal             : Create name='', mode=0x02000202
[LOG] SystemI::createSoundInternal             : exinfo->cbsize             = 232
[LOG] SystemI::createSoundInternal             : exinfo->length             = 334016
[LOG] SystemI::createSoundInternal             : exinfo->fileoffset         = 19616
[LOG] SystemI::createSoundInternal             : exinfo->numsubsounds       = 1
[LOG] SystemI::createSoundInternal             : exinfo->inclusionlist      = 000000004D9EF5FC
[LOG] SystemI::createSoundInternal             : exinfo->inclusionlistnum   = 1
[LOG] SystemI::createSoundInternal             : exinfo->suggestedsoundtype = 5
[LOG] SystemI::createSoundInternal             : exinfo->useropen           = 00007FFED782E310
[LOG] SystemI::createSoundInternal             : exinfo->userclose          = 00007FFED782E2E0
[LOG] SystemI::createSoundInternal             : exinfo->userread           = 00007FFED782E3E0
[LOG] SystemI::createSoundInternal             : exinfo->userseek           = 00007FFED782E490
[LOG] SystemI::createSoundInternal             : exinfo->fileuserdata       = 00000000451F8868
[LOG] SystemI::createSoundInternal             : exinfo->initialseekpostype = 1
[LOG] SystemI::DSPCodecPoolRegister            : register codec pool for pool type 5
[LOG] SystemI::createSoundInternal             : Sample 0/1: name='hiphopbreaks_1_bass', format=2, channels=2, frequency=48000, lengthbytes=23328, lengthpcm=256000, pcmblocksize=0, loopstart=0, loopend=0, mode=0x00000000, channelmask=0x00000000, channelorder=0, peakvolume=0.476074.
[LOG] SoundI::release                          :  (000000004557D6D8)
[LOG] SoundI::release                          :     hiphopbreaks_1_bass (000000004557DF08)
[LOG] Manager::readBank                        : fileversion = 100, compatVersion = 99 (oldest = 44, newest = 100)
[LOG] PlaybackSystem::acquireMasterBus         : Setting master channel group format to 6
[LOG] SystemI::createSound                     : filename = C:\Users\Kenny\Documents\Kinect\FMOD_beats\Build\Desktop\Master Bank.bank : mode 02010082
[LOG] SystemI::createSound                     : FMOD_NONBLOCKING specified.  Putting into queue to be opened asynchronously!
[LOG] Thread::initThread                       : Init FMOD nonblocking thread (0). Priority: 1, Stack Size: 81920, Semaphore: Yes, Sleep Time: 0, Looping: Yes.
[LOG] SystemI::createSound                     : setdata soundi = 0000000044A32768 : node = 000000001394C870
[LOG] SystemI::createSound                     : add node to async list : head = 000000004557CBA8.  list count = 0
[LOG] AsyncThread::threadFunc                  : Starting Asynchronous operation on sound 0000000044A32768
[LOG] SystemI::createSoundInternal             :     Create name='C:\Users\Kenny\Documents\Kinect\FMOD_beats\Build\Desktop\Master Bank.bank', mode=0x02010082
[LOG] SystemI::createSoundInternal             :     exinfo->cbsize             = 232
[LOG] SystemI::createSoundInternal             :     exinfo->length             = 334016
[LOG] SystemI::createSoundInternal             :     exinfo->fileoffset         = 19616
[LOG] SystemI::createSoundInternal             :     exinfo->numsubsounds       = 1
[LOG] SystemI::createSoundInternal             :     exinfo->inclusionlist      = 000000001394C988
[LOG] SystemI::createSoundInternal             :     exinfo->inclusionlistnum   = 1
[LOG] SystemI::createSoundInternal             :     exinfo->suggestedsoundtype = 5
[LOG] SystemI::createSoundInternal             :     exinfo->initialseekpostype = 1
[LOG] SystemI::createSoundInternal             :     Stream 0/1: name='hiphopbreaks_1_swirl', format=2, channels=2, frequency=48000, lengthbytes=143840, lengthpcm=512000, pcmblocksize=0, loopstart=0, loopend=0, mode=0x00000000, channelmask=0x00000000, channelorder=0, peakvolume=0.279236.
[LOG] Thread::initThread                       :     Init FMOD file thread. Priority: 1, Stack Size: 16384, Semaphore: No, Sleep Time: 10, Looping: Yes.
[LOG] AsyncThread::threadFunc                  : Finished Asynchronous operation on sound 0000000044A32768
[LOG] SoundI::getSubSound                      : sound 0000000044A32768.  Subsound index 0 / 1
[LOG] SystemI::createSound                     : filename = C:\Users\Kenny\Documents\Kinect\FMOD_beats\Build\Desktop\Master Bank.bank : mode 02010082
[LOG] SystemI::createSound                     : FMOD_NONBLOCKING specified.  Putting into queue to be opened asynchronously!
[LOG] SystemI::createSound                     : setdata soundi = 0000000044A32918 : node = 000000001394C9C0
[LOG] SystemI::createSound                     : add node to async list : head = 000000004557CBA8.  list count = 0
[LOG] AsyncThread::threadFunc                  : Starting Asynchronous operation on sound 0000000044A32918
[LOG] SystemI::createSoundInternal             :     Create name='C:\Users\Kenny\Documents\Kinect\FMOD_beats\Build\Desktop\Master Bank.bank', mode=0x02010082
[LOG] SystemI::createSoundInternal             :     exinfo->cbsize             = 232
[LOG] SystemI::createSoundInternal             :     exinfo->length             = 334016
[LOG] SystemI::createSoundInternal             :     exinfo->fileoffset         = 19616
[LOG] SystemI::createSoundInternal             :     exinfo->numsubsounds       = 1
[LOG] SystemI::createSoundInternal             :     exinfo->inclusionlist      = 000000001394CAD8
[LOG] SystemI::createSoundInternal             :     exinfo->inclusionlistnum   = 1
[LOG] SystemI::createSoundInternal             :     exinfo->suggestedsoundtype = 5
[LOG] SystemI::createSoundInternal             :     exinfo->initialseekpostype = 1
[LOG] SystemI::createSoundInternal             :     Stream 0/1: name='hiphopbreaks_1_swirl', format=2, channels=2, frequency=48000, lengthbytes=143840, lengthpcm=512000, pcmblocksize=0, loopstart=0, loopend=0, mode=0x00000000, channelmask=0x00000000, channelorder=0, peakvolume=0.279236.
[LOG] AsyncThread::threadFunc                  : Finished Asynchronous operation on sound 0000000044A32918
[LOG] SoundI::getSubSound                      : sound 0000000044A32918.  Subsound index 0 / 1
[LOG] SoundI::release                          : hiphopbreaks_1_swirl (0000000044A32768)
[LOG] SoundI::release                          :     hiphopbreaks_1_swirl (000000004557D5B8)
[LOG] SoundI::release                          :     hiphopbreaks_1_swirl (0000000044A33338)
[LOG] SystemI::createSound                     : filename = C:\Users\Kenny\Documents\Kinect\FMOD_beats\Build\Desktop\Master Bank.bank : mode 02010082
[LOG] SystemI::createSound                     : FMOD_NONBLOCKING specified.  Putting into queue to be opened asynchronously!
[LOG] SystemI::createSound                     : setdata soundi = 0000000044A33338 : node = 000000001394C870
[LOG] SystemI::createSound                     : add node to async list : head = 000000004557CBA8.  list count = 0
[LOG] AsyncThread::threadFunc                  : Starting Asynchronous operation on sound 0000000044A33338
[LOG] SystemI::createSoundInternal             :     Create name='C:\Users\Kenny\Documents\Kinect\FMOD_beats\Build\Desktop\Master Bank.bank', mode=0x02010082
[LOG] SystemI::createSoundInternal             :     exinfo->cbsize             = 232
[LOG] SystemI::createSoundInternal             :     exinfo->length             = 334016
[LOG] SystemI::createSoundInternal             :     exinfo->fileoffset         = 19616
[LOG] SystemI::createSoundInternal             :     exinfo->numsubsounds       = 1
[LOG] SystemI::createSoundInternal             :     exinfo->inclusionlist      = 000000001394C988
[LOG] SystemI::createSoundInternal             :     exinfo->inclusionlistnum   = 1
[LOG] SystemI::createSoundInternal             :     exinfo->suggestedsoundtype = 5
[LOG] SystemI::createSoundInternal             :     exinfo->initialseekpostype = 1
[LOG] SystemI::createSoundInternal             :     Stream 0/1: name='hiphopbreaks_1_swirl', format=2, channels=2, frequency=48000, lengthbytes=143840, lengthpcm=512000, pcmblocksize=0, loopstart=0, loopend=0, mode=0x00000000, channelmask=0x00000000, channelorder=0, peakvolume=0.279236.
[LOG] AsyncThread::threadFunc                  : Finished Asynchronous operation on sound 0000000044A33338
[LOG] SoundI::getSubSound                      : sound 0000000044A33338.  Subsound index 0 / 1
[LOG] SoundI::release                          : hiphopbreaks_1_swirl (0000000044A32918)
[LOG] SoundI::release                          :     hiphopbreaks_1_swirl (000000004557CD98)
[LOG] SoundI::release                          :     hiphopbreaks_1_swirl (0000000044A32AC8)
[LOG] SystemI::createSound                     : filename = C:\Users\Kenny\Documents\Kinect\FMOD_beats\Build\Desktop\Master Bank.bank : mode 02010082
[LOG] SystemI::createSound                     : FMOD_NONBLOCKING specified.  Putting into queue to be opened asynchronously!
[LOG] SystemI::createSound                     : setdata soundi = 0000000044A32E28 : node = 000000001394C9C0
[LOG] SystemI::createSound                     : add node to async list : head = 000000004557CBA8.  list count = 0
[LOG] AsyncThread::threadFunc                  : Starting Asynchronous operation on sound 0000000044A32E28
[LOG] SystemI::createSoundInternal             :     Create name='C:\Users\Kenny\Documents\Kinect\FMOD_beats\Build\Desktop\Master Bank.bank', mode=0x02010082
[LOG] SystemI::createSoundInternal             :     exinfo->cbsize             = 232
[LOG] SystemI::createSoundInternal             :     exinfo->length             = 334016
[LOG] SystemI::createSoundInternal             :     exinfo->fileoffset         = 19616
[LOG] SystemI::createSoundInternal             :     exinfo->numsubsounds       = 1
[LOG] SystemI::createSoundInternal             :     exinfo->inclusionlist      = 000000001394CAD8
[LOG] SystemI::createSoundInternal             :     exinfo->inclusionlistnum   = 1
[LOG] SystemI::createSoundInternal             :     exinfo->suggestedsoundtype = 5
[LOG] SystemI::createSoundInternal             :     exinfo->initialseekpostype = 1
[LOG] SystemI::createSoundInternal             :     Stream 0/1: name='hiphopbreaks_1_swirl', format=2, channels=2, frequency=48000, lengthbytes=143840, lengthpcm=512000, pcmblocksize=0, loopstart=0, loopend=0, mode=0x00000000, channelmask=0x00000000, channelorder=0, peakvolume=0.279236.
[LOG] AsyncThread::threadFunc                  : Finished Asynchronous operation on sound 0000000044A32E28
[LOG] SoundI::getSubSound                      : sound 0000000044A32E28.  Subsound index 0 / 1
[LOG] SoundI::release                          : hiphopbreaks_1_swirl (0000000044A33338)
[LOG] SoundI::release                          :     hiphopbreaks_1_swirl (000000004557D418)
[LOG] SoundI::release                          :     hiphopbreaks_1_swirl (0000000044A32768)
[LOG] SystemI::createSound                     : filename = C:\Users\Kenny\Documents\Kinect\FMOD_beats\Build\Desktop\Master Bank.bank : mode 02010082
[LOG] SystemI::createSound                     : FMOD_NONBLOCKING specified.  Putting into queue to be opened asynchronously!
[LOG] SystemI::createSound                     : setdata soundi = 0000000044A33188 : node = 000000001394C870
[LOG] SystemI::createSound                     : add node to async list : head = 000000004557CBA8.  list count = 0
[LOG] AsyncThread::threadFunc                  : Starting Asynchronous operation on sound 0000000044A33188
[LOG] SystemI::createSoundInternal             :     Create name='C:\Users\Kenny\Documents\Kinect\FMOD_beats\Build\Desktop\Master Bank.bank', mode=0x02010082
[LOG] SystemI::createSoundInternal             :     exinfo->cbsize             = 232
[LOG] SystemI::createSoundInternal             :     exinfo->length             = 334016
[LOG] SystemI::createSoundInternal             :     exinfo->fileoffset         = 19616
[LOG] SystemI::createSoundInternal             :     exinfo->numsubsounds       = 1
[LOG] SystemI::createSoundInternal             :     exinfo->inclusionlist      = 000000001394C988
[LOG] SystemI::createSoundInternal             :     exinfo->inclusionlistnum   = 1
[LOG] SystemI::createSoundInternal             :     exinfo->suggestedsoundtype = 5
[LOG] SystemI::createSoundInternal             :     exinfo->initialseekpostype = 1
[LOG] SystemI::createSoundInternal             :     Stream 0/1: name='hiphopbreaks_1_swirl', format=2, channels=2, frequency=48000, lengthbytes=143840, lengthpcm=512000, pcmblocksize=0, loopstart=0, loopend=0, mode=0x00000000, channelmask=0x00000000, channelorder=0, peakvolume=0.279236.
[LOG] AsyncThread::threadFunc                  : Finished Asynchronous operation on sound 0000000044A33188
[LOG] SoundI::getSubSound                      : sound 0000000044A33188.  Subsound index 0 / 1
[LOG] SoundI::release                          : hiphopbreaks_1_swirl (0000000044A32E28)
[LOG] SoundI::release                          :     hiphopbreaks_1_swirl (000000004557BA18)
[LOG] SoundI::release                          :     hiphopbreaks_1_swirl (0000000044A32FD8)
[LOG] SystemI::createSound                     : filename = C:\Users\Kenny\Documents\Kinect\FMOD_beats\Build\Desktop\Master Bank.bank : mode 02010082
[LOG] SystemI::createSound                     : FMOD_NONBLOCKING specified.  Putting into queue to be opened asynchronously!
[LOG] SystemI::createSound                     : setdata soundi = 0000000044A32FD8 : node = 000000001394D050
[LOG] SystemI::createSound                     : add node to async list : head = 000000004557CBA8.  list count = 0
[LOG] AsyncThread::threadFunc                  : Starting Asynchronous operation on sound 0000000044A32FD8
[LOG] SystemI::createSoundInternal             :     Create name='C:\Users\Kenny\Documents\Kinect\FMOD_beats\Build\Desktop\Master Bank.bank', mode=0x02010082
[LOG] SystemI::createSoundInternal             :     exinfo->cbsize             = 232
[LOG] SystemI::createSoundInternal             :     exinfo->length             = 334016
[LOG] SystemI::createSoundInternal             :     exinfo->fileoffset         = 19616
[LOG] SystemI::createSoundInternal             :     exinfo->numsubsounds       = 1
[LOG] SystemI::createSoundInternal             :     exinfo->inclusionlist      = 000000001394D168
[LOG] SystemI::createSoundInternal             :     exinfo->inclusionlistnum   = 1
[LOG] SystemI::createSoundInternal             :     exinfo->suggestedsoundtype = 5
[LOG] SystemI::createSoundInternal             :     exinfo->initialseekpostype = 1
[LOG] SystemI::createSoundInternal             :     Stream 0/1: name='hiphopbreaks_1_swirl', format=2, channels=2, frequency=48000, lengthbytes=143840, lengthpcm=512000, pcmblocksize=0, loopstart=0, loopend=0, mode=0x00000000, channelmask=0x00000000, channelorder=0, peakvolume=0.279236.
[LOG] AsyncThread::threadFunc                  : Finished Asynchronous operation on sound 0000000044A32FD8
[LOG] SoundI::getSubSound                      : sound 0000000044A32FD8.  Subsound index 0 / 1
[LOG] SoundI::release                          : hiphopbreaks_1_swirl (0000000044A33188)
[LOG] SoundI::release                          :     hiphopbreaks_1_swirl (000000004557C238)
[LOG] SoundI::release                          :     hiphopbreaks_1_swirl (0000000044A32768)
[LOG] SystemI::createSound                     : filename = C:\Users\Kenny\Documents\Kinect\FMOD_beats\Build\Desktop\Master Bank.bank : mode 02010082
[LOG] SystemI::createSound                     : FMOD_NONBLOCKING specified.  Putting into queue to be opened asynchronously!
[LOG] SystemI::createSound                     : setdata soundi = 0000000044A32768 : node = 000000001394C870
[LOG] SystemI::createSound                     : add node to async list : head = 000000004557CBA8.  list count = 0
[LOG] AsyncThread::threadFunc                  : Starting Asynchronous operation on sound 0000000044A32768
[LOG] SystemI::createSoundInternal             :     Create name='C:\Users\Kenny\Documents\Kinect\FMOD_beats\Build\Desktop\Master Bank.bank', mode=0x02010082
[LOG] SystemI::createSoundInternal             :     exinfo->cbsize             = 232
[LOG] SystemI::createSoundInternal             :     exinfo->length             = 334016
[LOG] SystemI::createSoundInternal             :     exinfo->fileoffset         = 19616
[LOG] SystemI::createSoundInternal             :     exinfo->numsubsounds       = 1
[LOG] SystemI::createSoundInternal             :     exinfo->inclusionlist      = 000000001394C988
[LOG] SystemI::createSoundInternal             :     exinfo->inclusionlistnum   = 1
[LOG] SystemI::createSoundInternal             :     exinfo->suggestedsoundtype = 5
[LOG] SystemI::createSoundInternal             :     exinfo->initialseekpostype = 1
[LOG] SystemI::createSoundInternal             :     Stream 0/1: name='hiphopbreaks_1_swirl', format=2, channels=2, frequency=48000, lengthbytes=143840, lengthpcm=512000, pcmblocksize=0, loopstart=0, loopend=0, mode=0x00000000, channelmask=0x00000000, channelorder=0, peakvolume=0.279236.
[LOG] AsyncThread::threadFunc                  : Finished Asynchronous operation on sound 0000000044A32768
[LOG] SoundI::getSubSound                      : sound 0000000044A32768.  Subsound index 0 / 1
[LOG] SoundI::release                          : hiphopbreaks_1_swirl (0000000044A32FD8)
[LOG] SoundI::release                          :     hiphopbreaks_1_swirl (000000004557C3D8)
[LOG] SoundI::release                          :     hiphopbreaks_1_swirl (0000000044A33338)
[LOG] SystemI::createSound                     : filename = C:\Users\Kenny\Documents\Kinect\FMOD_beats\Build\Desktop\Master Bank.bank : mode 02010082
[LOG] SystemI::createSound                     : FMOD_NONBLOCKING specified.  Putting into queue to be opened asynchronously!
[LOG] SystemI::createSound                     : setdata soundi = 0000000044A32918 : node = 000000001394CDB0
[LOG] SystemI::createSound                     : add node to async list : head = 000000004557CBA8.  list count = 0
[LOG] AsyncThread::threadFunc                  : Starting Asynchronous operation on sound 0000000044A32918
[LOG] SystemI::createSoundInternal             :     Create name='C:\Users\Kenny\Documents\Kinect\FMOD_beats\Build\Desktop\Master Bank.bank', mode=0x02010082
[LOG] SystemI::createSoundInternal             :     exinfo->cbsize             = 232
[LOG] SystemI::createSoundInternal             :     exinfo->length             = 334016
[LOG] SystemI::createSoundInternal             :     exinfo->fileoffset         = 19616
[LOG] SystemI::createSoundInternal             :     exinfo->numsubsounds       = 1
[LOG] SystemI::createSoundInternal             :     exinfo->inclusionlist      = 000000001394CEC8
[LOG] SystemI::createSoundInternal             :     exinfo->inclusionlistnum   = 1
[LOG] SystemI::createSoundInternal             :     exinfo->suggestedsoundtype = 5
[LOG] SystemI::createSoundInternal             :     exinfo->initialseekpostype = 1
[LOG] SystemI::createSoundInternal             :     Stream 0/1: name='hiphopbreaks_1_swirl', format=2, channels=2, frequency=48000, lengthbytes=143840, lengthpcm=512000, pcmblocksize=0, loopstart=0, loopend=0, mode=0x00000000, channelmask=0x00000000, channelorder=0, peakvolume=0.279236.
[LOG] AsyncThread::threadFunc                  : Finished Asynchronous operation on sound 0000000044A32918
[LOG] SoundI::getSubSound                      : sound 0000000044A32918.  Subsound index 0 / 1
[LOG] SoundI::release                          : hiphopbreaks_1_swirl (0000000044A32768)
[LOG] SoundI::release                          :     hiphopbreaks_1_swirl (000000004557CBF8)
[LOG] SoundI::release                          :     hiphopbreaks_1_swirl (0000000044A32AC8)
[LOG] SystemI::createSound                     : filename = C:\Users\Kenny\Documents\Kinect\FMOD_beats\Build\Desktop\Master Bank.bank : mode 02010082
[LOG] SystemI::createSound                     : FMOD_NONBLOCKING specified.  Putting into queue to be opened asynchronously!
[LOG] SystemI::createSound                     : setdata soundi = 0000000044A33338 : node = 000000001394CF00
[LOG] SystemI::createSound                     : add node to async list : head = 000000004557CBA8.  list count = 0
[LOG] AsyncThread::threadFunc                  : Starting Asynchronous operation on sound 0000000044A33338
[LOG] SystemI::createSoundInternal             :     Create name='C:\Users\Kenny\Documents\Kinect\FMOD_beats\Build\Desktop\Master Bank.bank', mode=0x02010082
[LOG] SystemI::createSoundInternal             :     exinfo->cbsize             = 232
[LOG] SystemI::createSoundInternal             :     exinfo->length             = 334016
[LOG] SystemI::createSoundInternal             :     exinfo->fileoffset         = 19616
[LOG] SystemI::createSoundInternal             :     exinfo->numsubsounds       = 1
[LOG] SystemI::createSoundInternal             :     exinfo->inclusionlist      = 000000001394D018
[LOG] SystemI::createSoundInternal             :     exinfo->inclusionlistnum   = 1
[LOG] SystemI::createSoundInternal             :     exinfo->suggestedsoundtype = 5
[LOG] SystemI::createSoundInternal             :     exinfo->initialseekpostype = 1
[LOG] SystemI::createSoundInternal             :     Stream 0/1: name='hiphopbreaks_1_swirl', format=2, channels=2, frequency=48000, lengthbytes=143840, lengthpcm=512000, pcmblocksize=0, loopstart=0, loopend=0, mode=0x00000000, channelmask=0x00000000, channelorder=0, peakvolume=0.279236.
[LOG] AsyncThread::threadFunc                  : Finished Asynchronous operation on sound 0000000044A33338
[LOG] SoundI::getSubSound                      : sound 0000000044A33338.  Subsound index 0 / 1
[LOG] SoundI::release                          : hiphopbreaks_1_swirl (0000000044A32918)
[LOG] SoundI::release                          :     hiphopbreaks_1_swirl (000000004557C098)
[LOG] SoundI::release                          :     hiphopbreaks_1_swirl (0000000044A32E28)
[LOG] SystemI::createSound                     : filename = C:\Users\Kenny\Documents\Kinect\FMOD_beats\Build\Desktop\Master Bank.bank : mode 02010082
[LOG] SystemI::createSound                     : FMOD_NONBLOCKING specified.  Putting into queue to be opened asynchronously!
[LOG] SystemI::createSound                     : setdata soundi = 0000000044A33188 : node = 000000001394D050
[LOG] SystemI::createSound                     : add node to async list : head = 000000004557CBA8.  list count = 0
[LOG] AsyncThread::threadFunc                  : Starting Asynchronous operation on sound 0000000044A33188
[LOG] SystemI::createSoundInternal             :     Create name='C:\Users\Kenny\Documents\Kinect\FMOD_beats\Build\Desktop\Master Bank.bank', mode=0x02010082
[LOG] SystemI::createSoundInternal             :     exinfo->cbsize             = 232
[LOG] SystemI::createSoundInternal             :     exinfo->length             = 334016
[LOG] SystemI::createSoundInternal             :     exinfo->fileoffset         = 19616
[LOG] SystemI::createSoundInternal             :     exinfo->numsubsounds       = 1
[LOG] SystemI::createSoundInternal             :     exinfo->inclusionlist      = 000000001394D168
[LOG] SystemI::createSoundInternal             :     exinfo->inclusionlistnum   = 1
[LOG] SystemI::createSoundInternal             :     exinfo->suggestedsoundtype = 5
[LOG] SystemI::createSoundInternal             :     exinfo->initialseekpostype = 1
[LOG] SystemI::createSoundInternal             :     Stream 0/1: name='hiphopbreaks_1_swirl', format=2, channels=2, frequency=48000, lengthbytes=143840, lengthpcm=512000, pcmblocksize=0, loopstart=0, loopend=0, mode=0x00000000, channelmask=0x00000000, channelorder=0, peakvolume=0.279236.
[LOG] AsyncThread::threadFunc                  : Finished Asynchronous operation on sound 0000000044A33188
[LOG] SoundI::getSubSound                      : sound 0000000044A33188.  Subsound index 0 / 1
[LOG] SoundI::release                          : hiphopbreaks_1_swirl (0000000044A33338)
[LOG] SoundI::release                          :     hiphopbreaks_1_swirl (000000004557C718)
[LOG] SoundI::release                          :     hiphopbreaks_1_swirl (0000000044A32FD8)
[LOG] SoundI::release                          : hiphopbreaks_1_swirl (0000000044A33188)
[LOG] SoundI::release                          :     hiphopbreaks_1_swirl (000000004557C098)
[LOG] SoundI::release                          :     hiphopbreaks_1_swirl (0000000044A32768)
[LOG] Manager::readBank                        : fileversion = 100, compatVersion = 99 (oldest = 44, newest = 100)
[LOG] Manager::readBank                        : fileversion = 100, compatVersion = 99 (oldest = 44, newest = 100)
[LOG] Manager::readBank                        : fileversion = 100, compatVersion = 99 (oldest = 44, newest = 100)
[LOG] Manager::readBank                        : fileversion = 100, compatVersion = 99 (oldest = 44, newest = 100)
[LOG] Manager::readBank                        : fileversion = 100, compatVersion = 99 (oldest = 44, newest = 100)
[LOG] Manager::readBank                        : fileversion = 100, compatVersion = 99 (oldest = 44, newest = 100)
[LOG] PlaybackSystem::acquireMasterBus         : Setting master channel group format to 6
[LOG] Manager::readBank                        : fileversion = 100, compatVersion = 99 (oldest = 44, newest = 100)
[LOG] Manager::readBank                        : fileversion = 100, compatVersion = 99 (oldest = 44, newest = 100)
[LOG] Manager::readBank                        : fileversion = 100, compatVersion = 99 (oldest = 44, newest = 100)
[LOG] Manager::readBank                        : fileversion = 100, compatVersion = 99 (oldest = 44, newest = 100)
[LOG] Manager::readBank                        : fileversion = 100, compatVersion = 99 (oldest = 44, newest = 100)
[LOG] Manager::readBank                        : fileversion = 100, compatVersion = 99 (oldest = 44, newest = 100)
[LOG] PlaybackSystem::acquireMasterBus         : Setting master channel group format to 6
[ERR] OutputWASAPI::mixerThread                : GetCurrentPadding returned 0x88890004.  Device was unplugged!
[ERR] OutputWASAPI::mixerThread                : GetCurrentPadding returned 0x88890004.  Device was unplugged!
[ERR] OutputWASAPI::mixerThread                : GetCurrentPadding returned 0x88890004.  Device was unplugged!
