[LOG] System::create                           : Header version = 1.10.04. Current version = 1.10.04.
[LOG] SystemI::setOutputInternal               : Setting output to 'FMOD WASAPI Output'
[LOG] Manager::init                            : maxchannels = 1024 studioflags = 00000009 flags 00000000 extradriverdata 0000000000000000.
[LOG] SystemI::init                            : Initialize version=11004 (93853), maxchannels=1024, flags=0x00030000
[LOG] OutputWASAPI::init                       : Mix Format (WAVEFORMATEX): wFormatTag=0xFFFE, nChannels=2, nSamplesPerSec=48000, nAvgBytesPerSec=384000, nBlockAlign=8, wBitsPerSample=32, cbSize=22.
[LOG] OutputWASAPI::init                       : Mix Format (WAVEFORMATEXTENSIBLE): wValidBitsPerSample=32, dwChannelMask=0x00000003, SubFormat=00000003-0000-0010-8000-00AA00389B71.
[LOG] OutputWASAPI::init                       : Output buffer size: 4096 samples, latency: 0.00ms, period: 10.00ms, DSP buffer: 1024 * 4
[LOG] Thread::initThread                       : Init FMOD stream thread. Priority: 2, Stack Size: 65536, Semaphore: No, Sleep Time: 10, Looping: Yes.
[LOG] SystemI::DSPCodecPoolRegister            : register codec pool for pool type 5
[LOG] Thread::initThread                       : Init FMOD mixer thread. Priority: 3, Stack Size: 49152, Semaphore: No, Sleep Time: 0, Looping: Yes.
[LOG] AsyncManager::init                       : manager 00000000448A9AB8 isAsync 1 updatePeriod 0.02
[LOG] Thread::initThread                       : Init FMOD Studio update thread. Priority: 0, Stack Size: 65536, Semaphore: No, Sleep Time: 1, Looping: No.
[LOG] AsyncManager::init                       : done
[LOG] PlaybackSystem::init                     : 
[LOG] Thread::initThread                       : Init FMOD Studio sample load thread. Priority: 0, Stack Size: 65536, Semaphore: No, Sleep Time: 1, Looping: No.
[LOG] PlaybackSystem::init                     : done
[LOG] LiveUpdate::init                         : 
[LOG] Thread::initThread                       : Init FMOD Studio bank load thread. Priority: 0, Stack Size: 65536, Semaphore: No, Sleep Time: 1, Looping: No.
[LOG] Manager::init                            : done.
[LOG] Profile::init                            : Profiler listening on port: 9264
[LOG] Manager::readBank                        : fileversion = 100, compatVersion = 99 (oldest = 44, newest = 100)
[LOG] Manager::readBank                        : fileversion = 100, compatVersion = 99 (oldest = 44, newest = 100)
[LOG] PlaybackSystem::acquireMasterBus         : Setting master channel group format to 6
[LOG] SystemI::createSoundInternal             : Create name='', mode=0x02000202
[LOG] SystemI::createSoundInternal             : exinfo->cbsize             = 232
[LOG] SystemI::createSoundInternal             : exinfo->length             = 579328
[LOG] SystemI::createSoundInternal             : exinfo->fileoffset         = 29216
[LOG] SystemI::createSoundInternal             : exinfo->numsubsounds       = 1
[LOG] SystemI::createSoundInternal             : exinfo->inclusionlist      = 000000004F75F5FC
[LOG] SystemI::createSoundInternal             : exinfo->inclusionlistnum   = 1
[LOG] SystemI::createSoundInternal             : exinfo->suggestedsoundtype = 5
[LOG] SystemI::createSoundInternal             : exinfo->useropen           = 00007FFA9148E310
[LOG] SystemI::createSoundInternal             : exinfo->userclose          = 00007FFA9148E2E0
[LOG] SystemI::createSoundInternal             : exinfo->userread           = 00007FFA9148E3E0
[LOG] SystemI::createSoundInternal             : exinfo->userseek           = 00007FFA9148E490
[LOG] SystemI::createSoundInternal             : exinfo->fileuserdata       = 000000004486C4C8
[LOG] SystemI::createSoundInternal             : exinfo->initialseekpostype = 1
[LOG] SystemI::DSPCodecPoolRegister            : register codec pool for pool type 5
[LOG] SystemI::createSoundInternal             : Sample 0/1: name='DD_Rhodes_95_A_Lp19', format=2, channels=2, frequency=48000, lengthbytes=106528, lengthpcm=485052, pcmblocksize=0, loopstart=0, loopend=0, mode=0x00000000, channelmask=0x00000000, channelorder=0, peakvolume=0.820343.
[LOG] SystemI::createSoundInternal             : Create name='', mode=0x02000202
[LOG] SystemI::createSoundInternal             : exinfo->cbsize             = 232
[LOG] SystemI::createSoundInternal             : exinfo->length             = 579328
[LOG] SystemI::createSoundInternal             : exinfo->fileoffset         = 29216
[LOG] SystemI::createSoundInternal             : exinfo->numsubsounds       = 1
[LOG] SystemI::createSoundInternal             : exinfo->inclusionlist      = 000000004F75F5FC
[LOG] SystemI::createSoundInternal             : exinfo->inclusionlistnum   = 1
[LOG] SystemI::createSoundInternal             : exinfo->suggestedsoundtype = 5
[LOG] SystemI::createSoundInternal             : exinfo->useropen           = 00007FFA9148E310
[LOG] SystemI::createSoundInternal             : exinfo->userclose          = 00007FFA9148E2E0
[LOG] SystemI::createSoundInternal             : exinfo->userread           = 00007FFA9148E3E0
[LOG] SystemI::createSoundInternal             : exinfo->userseek           = 00007FFA9148E490
[LOG] SystemI::createSoundInternal             : exinfo->fileuserdata       = 000000004486C4C8
[LOG] SystemI::createSoundInternal             : exinfo->initialseekpostype = 1
[LOG] SystemI::DSPCodecPoolRegister            : register codec pool for pool type 5
[LOG] SystemI::createSoundInternal             : Sample 0/1: name='hiphopbreaks_1_drums', format=2, channels=2, frequency=48000, lengthbytes=66464, lengthpcm=256000, pcmblocksize=0, loopstart=0, loopend=0, mode=0x00000000, channelmask=0x00000000, channelorder=0, peakvolume=0.999969.
[LOG] SystemI::createSoundInternal             : Create name='', mode=0x02000202
[LOG] SystemI::createSoundInternal             : exinfo->cbsize             = 232
[LOG] SystemI::createSoundInternal             : exinfo->length             = 579328
[LOG] SystemI::createSoundInternal             : exinfo->fileoffset         = 29216
[LOG] SystemI::createSoundInternal             : exinfo->numsubsounds       = 1
[LOG] SystemI::createSoundInternal             : exinfo->inclusionlist      = 000000004F75F5FC
[LOG] SystemI::createSoundInternal             : exinfo->inclusionlistnum   = 1
[LOG] SystemI::createSoundInternal             : exinfo->suggestedsoundtype = 5
[LOG] SystemI::createSoundInternal             : exinfo->useropen           = 00007FFA9148E310
[LOG] SystemI::createSoundInternal             : exinfo->userclose          = 00007FFA9148E2E0
[LOG] SystemI::createSoundInternal             : exinfo->userread           = 00007FFA9148E3E0
[LOG] SystemI::createSoundInternal             : exinfo->userseek           = 00007FFA9148E490
[LOG] SystemI::createSoundInternal             : exinfo->fileuserdata       = 000000004486C4C8
[LOG] SystemI::createSoundInternal             : exinfo->initialseekpostype = 1
[LOG] SystemI::DSPCodecPoolRegister            : register codec pool for pool type 5
[LOG] SystemI::createSoundInternal             : Sample 0/1: name='DD_Flute_95_A_Lp6', format=2, channels=2, frequency=48000, lengthbytes=41376, lengthpcm=242526, pcmblocksize=0, loopstart=0, loopend=0, mode=0x00000000, channelmask=0x00000000, channelorder=0, peakvolume=0.820343.
[LOG] SystemI::createSoundInternal             : Create name='', mode=0x02000202
[LOG] SystemI::createSoundInternal             : exinfo->cbsize             = 232
[LOG] SystemI::createSoundInternal             : exinfo->length             = 579328
[LOG] SystemI::createSoundInternal             : exinfo->fileoffset         = 29216
[LOG] SystemI::createSoundInternal             : exinfo->numsubsounds       = 1
[LOG] SystemI::createSoundInternal             : exinfo->inclusionlist      = 000000004F75F5FC
[LOG] SystemI::createSoundInternal             : exinfo->inclusionlistnum   = 1
[LOG] SystemI::createSoundInternal             : exinfo->suggestedsoundtype = 5
[LOG] SystemI::createSoundInternal             : exinfo->useropen           = 00007FFA9148E310
[LOG] SystemI::createSoundInternal             : exinfo->userclose          = 00007FFA9148E2E0
[LOG] SystemI::createSoundInternal             : exinfo->userread           = 00007FFA9148E3E0
[LOG] SystemI::createSoundInternal             : exinfo->userseek           = 00007FFA9148E490
[LOG] SystemI::createSoundInternal             : exinfo->fileuserdata       = 000000004486C4C8
[LOG] SystemI::createSoundInternal             : exinfo->initialseekpostype = 1
[LOG] SystemI::DSPCodecPoolRegister            : register codec pool for pool type 5
[LOG] SystemI::createSoundInternal             : Sample 0/1: name='hiphopbreaks_1_soul', format=2, channels=2, frequency=48000, lengthbytes=99872, lengthpcm=512000, pcmblocksize=0, loopstart=0, loopend=0, mode=0x00000000, channelmask=0x00000000, channelorder=0, peakvolume=0.702972.
[LOG] SystemI::createSoundInternal             : Create name='', mode=0x02000202
[LOG] SystemI::createSoundInternal             : exinfo->cbsize             = 232
[LOG] SystemI::createSoundInternal             : exinfo->length             = 579328
[LOG] SystemI::createSoundInternal             : exinfo->fileoffset         = 29216
[LOG] SystemI::createSoundInternal             : exinfo->numsubsounds       = 1
[LOG] SystemI::createSoundInternal             : exinfo->inclusionlist      = 000000004F75F5FC
[LOG] SystemI::createSoundInternal             : exinfo->inclusionlistnum   = 1
[LOG] SystemI::createSoundInternal             : exinfo->suggestedsoundtype = 5
[LOG] SystemI::createSoundInternal             : exinfo->useropen           = 00007FFA9148E310
[LOG] SystemI::createSoundInternal             : exinfo->userclose          = 00007FFA9148E2E0
[LOG] SystemI::createSoundInternal             : exinfo->userread           = 00007FFA9148E3E0
[LOG] SystemI::createSoundInternal             : exinfo->userseek           = 00007FFA9148E490
[LOG] SystemI::createSoundInternal             : exinfo->fileuserdata       = 000000004486C4C8
[LOG] SystemI::createSoundInternal             : exinfo->initialseekpostype = 1
[LOG] SystemI::DSPCodecPoolRegister            : register codec pool for pool type 5
[LOG] SystemI::createSoundInternal             : Sample 0/1: name='hiphopbreaks_1_bass', format=2, channels=2, frequency=48000, lengthbytes=23328, lengthpcm=256000, pcmblocksize=0, loopstart=0, loopend=0, mode=0x00000000, channelmask=0x00000000, channelorder=0, peakvolume=0.476074.
[LOG] SystemI::createSoundInternal             : Create name='', mode=0x02000202
[LOG] SystemI::createSoundInternal             : exinfo->cbsize             = 232
[LOG] SystemI::createSoundInternal             : exinfo->length             = 579328
[LOG] SystemI::createSoundInternal             : exinfo->fileoffset         = 29216
[LOG] SystemI::createSoundInternal             : exinfo->numsubsounds       = 1
[LOG] SystemI::createSoundInternal             : exinfo->inclusionlist      = 000000004F75F5FC
[LOG] SystemI::createSoundInternal             : exinfo->inclusionlistnum   = 1
[LOG] SystemI::createSoundInternal             : exinfo->suggestedsoundtype = 5
[LOG] SystemI::createSoundInternal             : exinfo->useropen           = 00007FFA9148E310
[LOG] SystemI::createSoundInternal             : exinfo->userclose          = 00007FFA9148E2E0
[LOG] SystemI::createSoundInternal             : exinfo->userread           = 00007FFA9148E3E0
[LOG] SystemI::createSoundInternal             : exinfo->userseek           = 00007FFA9148E490
[LOG] SystemI::createSoundInternal             : exinfo->fileuserdata       = 000000004486C4C8
[LOG] SystemI::createSoundInternal             : exinfo->initialseekpostype = 1
[LOG] SystemI::DSPCodecPoolRegister            : register codec pool for pool type 5
[LOG] SystemI::createSoundInternal             : Sample 0/1: name='Bpm95_Latin Funk Drum Break', format=2, channels=2, frequency=48000, lengthbytes=64480, lengthpcm=242491, pcmblocksize=0, loopstart=0, loopend=0, mode=0x00000000, channelmask=0x00000000, channelorder=0, peakvolume=0.846741.
[LOG] SystemI::createSoundInternal             : Create name='', mode=0x02000202
[LOG] SystemI::createSoundInternal             : exinfo->cbsize             = 232
[LOG] SystemI::createSoundInternal             : exinfo->length             = 579328
[LOG] SystemI::createSoundInternal             : exinfo->fileoffset         = 29216
[LOG] SystemI::createSoundInternal             : exinfo->numsubsounds       = 1
[LOG] SystemI::createSoundInternal             : exinfo->inclusionlist      = 000000004F75F5FC
[LOG] SystemI::createSoundInternal             : exinfo->inclusionlistnum   = 1
[LOG] SystemI::createSoundInternal             : exinfo->suggestedsoundtype = 5
[LOG] SystemI::createSoundInternal             : exinfo->useropen           = 00007FFA9148E310
[LOG] SystemI::createSoundInternal             : exinfo->userclose          = 00007FFA9148E2E0
[LOG] SystemI::createSoundInternal             : exinfo->userread           = 00007FFA9148E3E0
[LOG] SystemI::createSoundInternal             : exinfo->userseek           = 00007FFA9148E490
[LOG] SystemI::createSoundInternal             : exinfo->fileuserdata       = 000000004486C4C8
[LOG] SystemI::createSoundInternal             : exinfo->initialseekpostype = 1
[LOG] SystemI::DSPCodecPoolRegister            : register codec pool for pool type 5
[LOG] SystemI::createSoundInternal             : Sample 0/1: name='DD_Bass_95_A_Lp16', format=2, channels=2, frequency=48000, lengthbytes=32512, lengthpcm=242526, pcmblocksize=0, loopstart=0, loopend=0, mode=0x00000000, channelmask=0x00000000, channelorder=0, peakvolume=0.820343.
[LOG] SystemI::createSoundInternal             : Create name='', mode=0x02000202
[LOG] SystemI::createSoundInternal             : exinfo->cbsize             = 232
[LOG] SystemI::createSoundInternal             : exinfo->length             = 579328
[LOG] SystemI::createSoundInternal             : exinfo->fileoffset         = 29216
[LOG] SystemI::createSoundInternal             : exinfo->numsubsounds       = 1
[LOG] SystemI::createSoundInternal             : exinfo->inclusionlist      = 000000004F75F5FC
[LOG] SystemI::createSoundInternal             : exinfo->inclusionlistnum   = 1
[LOG] SystemI::createSoundInternal             : exinfo->suggestedsoundtype = 5
[LOG] SystemI::createSoundInternal             : exinfo->useropen           = 00007FFA9148E310
[LOG] SystemI::createSoundInternal             : exinfo->userclose          = 00007FFA9148E2E0
[LOG] SystemI::createSoundInternal             : exinfo->userread           = 00007FFA9148E3E0
[LOG] SystemI::createSoundInternal             : exinfo->userseek           = 00007FFA9148E490
[LOG] SystemI::createSoundInternal             : exinfo->fileuserdata       = 000000004486C4C8
[LOG] SystemI::createSoundInternal             : exinfo->initialseekpostype = 1
[LOG] SystemI::DSPCodecPoolRegister            : register codec pool for pool type 5
[LOG] SystemI::createSoundInternal             : Sample 0/1: name='hiphopbreaks_1_swirl', format=2, channels=2, frequency=48000, lengthbytes=143840, lengthpcm=512000, pcmblocksize=0, loopstart=0, loopend=0, mode=0x00000000, channelmask=0x00000000, channelorder=0, peakvolume=0.279236.
[ERR] OutputWASAPI::mixerThread                : GetCurrentPadding returned 0x88890004.  Device was unplugged!
[ERR] OutputWASAPI::mixerThread                : GetCurrentPadding returned 0x88890004.  Device was unplugged!
[LOG] Thread::callback                         : FMOD mixer thread finished.
[LOG] OutputWASAPI::init                       : Mix Format (WAVEFORMATEX): wFormatTag=0xFFFE, nChannels=4, nSamplesPerSec=48000, nAvgBytesPerSec=768000, nBlockAlign=16, wBitsPerSample=32, cbSize=22.
[LOG] OutputWASAPI::init                       : Mix Format (WAVEFORMATEXTENSIBLE): wValidBitsPerSample=32, dwChannelMask=0x00000033, SubFormat=00000003-0000-0010-8000-00AA00389B71.
[LOG] OutputWASAPI::init                       : Output buffer size: 4096 samples, latency: 0.00ms, period: 10.00ms, DSP buffer: 1024 * 4
[LOG] DownMix::init                            : dspbuffersize: 1024  rate: 48000. output speaker mode: 4, input speaker mode 3
[LOG] DownMix::init                            : done.
[LOG] Thread::initThread                       : Init FMOD mixer thread. Priority: 3, Stack Size: 49152, Semaphore: No, Sleep Time: 0, Looping: Yes.
[LOG] SoundI::release                          :  (0000000044638C88)
[LOG] SoundI::release                          :     Bpm95_Latin Funk Drum Break (0000000044AD0308)
[LOG] SoundI::release                          :  (0000000044637CB8)
[LOG] SoundI::release                          :     hiphopbreaks_1_drums (0000000044AD07E8)
[LOG] SoundI::release                          :  (0000000044638838)
[LOG] SoundI::release                          :     DD_Bass_95_A_Lp16 (0000000044AD0988)
[LOG] SoundI::release                          :  (0000000044637868)
[LOG] SoundI::release                          :     hiphopbreaks_1_bass (0000000044ACFFC8)
[LOG] SoundI::release                          :  (00000000446390D8)
[LOG] SoundI::release                          :     DD_Rhodes_95_A_Lp19 (0000000044ACF2C8)
[LOG] SoundI::release                          :  (00000000446372A8)
[LOG] SoundI::release                          :     hiphopbreaks_1_swirl (0000000044ACF468)
[LOG] SoundI::release                          :  (0000000044638F68)
[LOG] SoundI::release                          :     DD_Flute_95_A_Lp6 (0000000044ACEF88)
[LOG] SoundI::release                          :  (00000000446376F8)
[LOG] SoundI::release                          :     hiphopbreaks_1_soul (0000000044ACF608)
[LOG] Thread::callback                         : FMOD Studio update thread finished.
[LOG] Thread::callback                         : FMOD Studio bank load thread finished.
[LOG] Profile::disconnectAll                   : Profiler disconnecting all clients
[LOG] Thread::callback                         : FMOD Studio sample load thread finished.
[LOG] LiveUpdate::release                      : 
[LOG] LiveUpdate::reset                        : Reset connection (reason Disconnected)
[LOG] Thread::callback                         : FMOD stream thread finished.
[LOG] Thread::callback                         : FMOD mixer thread finished.
[LOG] Profile::disconnectAll                   : Profiler disconnecting all clients
[LOG] SystemI::close                           : Closed.
